<?xml version="1.0" encoding="UTF-8"?>
<!-- Generated by org.testng.reporters.JUnitXMLReporter -->
<testsuite ignored="0" hostname="Prashant" failures="0" tests="3" name="Default test" time="27.917" errors="0" timestamp="2026-05-06T20:40:45 IST">
  <testcase classname="tests.Practice_elements_test" name="clickonclose" time="0.182"/>
  <testcase classname="tests.Practice_elements_test" name="clickontextbo" time="0.134"/>
  <testcase classname="tests.Practice_elements_test" name="introduction" time="2.05"/>
</testsuite> <!-- Default test -->
