<?xml version="1.0" encoding="UTF-8"?>
<testng-results ignored="0" total="3" passed="3" failed="0" skipped="0">
  <reporter-output>
  </reporter-output>
  <suite started-at="2026-05-06T20:40:17 IST" name="Default suite" finished-at="2026-05-06T20:40:45 IST" duration-ms="27917">
    <groups>
    </groups>
    <test started-at="2026-05-06T20:40:17 IST" name="Default test" finished-at="2026-05-06T20:40:45 IST" duration-ms="27917">
      <class name="tests.Practice_elements_test">
        <test-method is-config="true" signature="launchurl()[pri:0, instance:tests.Practice_elements_test@5bda8e08]" started-at="2026-05-06T20:40:17 IST" name="launchurl" finished-at="2026-05-06T20:40:42 IST" duration-ms="25457" status="PASS">
          <reporter-output>
          </reporter-output>
        </test-method> <!-- launchurl -->
        <test-method signature="clickonclose()[pri:0, instance:tests.Practice_elements_test@5bda8e08]" started-at="2026-05-06T20:40:42 IST" name="clickonclose" finished-at="2026-05-06T20:40:43 IST" duration-ms="182" status="PASS">
          <reporter-output>
          </reporter-output>
        </test-method> <!-- clickonclose -->
        <test-method signature="clickontextbo()[pri:1, instance:tests.Practice_elements_test@5bda8e08]" started-at="2026-05-06T20:40:43 IST" name="clickontextbo" finished-at="2026-05-06T20:40:43 IST" duration-ms="134" status="PASS">
          <reporter-output>
          </reporter-output>
        </test-method> <!-- clickontextbo -->
        <test-method signature="introduction()[pri:2, instance:tests.Practice_elements_test@5bda8e08]" started-at="2026-05-06T20:40:43 IST" name="introduction" finished-at="2026-05-06T20:40:45 IST" duration-ms="2050" status="PASS">
          <reporter-output>
          </reporter-output>
        </test-method> <!-- introduction -->
      </class> <!-- tests.Practice_elements_test -->
    </test> <!-- Default test -->
  </suite> <!-- Default suite -->
</testng-results>
