<?xml version="1.0" encoding="UTF-8"?>
<!-- Generated by org.testng.reporters.JUnitReportReporter -->
<testsuite hostname="Prashant" failures="0" tests="3" name="tests.Practice_elements_test" time="2.366" errors="0" timestamp="2026-05-06T20:40:45 IST" skipped="0">
  <testcase classname="tests.Practice_elements_test" name="clickonclose" time="0.182"/>
  <testcase classname="tests.Practice_elements_test" name="clickontextbo" time="0.134"/>
  <testcase classname="tests.Practice_elements_test" name="introduction" time="2.050"/>
</testsuite> <!-- tests.Practice_elements_test -->
